# Successful IF573 bring-up dmesg excerpts (Jetson Orin Nano, JP6.2.1/L4T 36.4.4)
# Captured from a known-good boot after installing summit firmware/backports 13.98.0.12.
# This is a trimmed excerpt for customer reference.

[    0.000000] Linux version 5.15.148-tegra
[    0.000000] Machine model: NVIDIA Jetson Orin Nano Engineering Reference Developer Kit Super

[    8.446716] tegra194-pcie 14100000.pcie: Link up
[    8.453073] pci 0001:01:00.0: [12be:bd31] type 00 class 0x028000

[   12.234789] Loading modules backported from Summit Linux version 6.12.53
[   12.234793] Backport generated by backports.git v13.98.0.12

[   12.388941] brcmfmac: brcmfmac_module_init: Loading driver v13.98.0.12
[   12.389778] brcmfmac 0001:01:00.0: Adding to iommu group 4
[   12.390033] brcmfmac 0001:01:00.0: enabling device (0000 -> 0002)
[   12.603299] brcmfmac: brcmf_fw_alloc_request: using cypress/cyfmac55572-pcie for chip BCM55560/2

# Optional fallback warnings observed in this known-good setup:
[   12.641048] brcmfmac 0001:01:00.0: Direct firmware load for cypress/cyfmac55572-pcie.nvidia,p3768-0000+p3767-0005-super.trxse failed with error -2
[   12.772782] brcmfmac: brcmf_fw_request_firmware: no board-specific nvram available (ret=-2), device will use cypress/cyfmac55572-pcie.txt
[   12.774261] brcmfmac: brcmf_fw_request_firmware: no board-specific nvram available (ret=-2), device will use cypress/cyfmac55572-pcie.clm_blob
[   12.777908] brcmfmac: brcmf_fw_request_firmware: no board-specific nvram available (ret=-2), device will use cypress/cyfmac55572-pcie.txcap_blob

[   14.249743] brcmfmac: brcmf_c_preinit_dcmds: Firmware: BCM55560/2 wl0: Jul 17 2025 05:06:36 version 18.53.469.33 (744c730) FWID 01-ab58bce1
[   14.250270] brcmfmac: brcmf_c_preinit_dcmds: CLM version = API: 20.0 Data: Laird.SonaIF573 Compiler: 1.49.5 ClmImport: 1.49.0 Customization: v11 25/10/27 Creation: 2025-10-27 04:49:53
[   14.299958] brcmfmac: brcmf_cfg80211_attach: Using regulatory domain US
[   14.416921] brcmfmac 0001:01:00.0 wlP1p1s0: renamed from wlan0

# Userspace confirmation from same success case (not dmesg):
# - iw dev showed interface wlP1p1s0
# - nmcli dev wifi list returned nearby SSIDs
